Arguments: 
  /Users/vnmaniyar/.nvm/versions/node/v13.1.0/bin/node /usr/local/Cellar/yarn/1.22.0/libexec/bin/yarn.js

PATH: 
  /Users/vnmaniyar/.npm/_npx/29236/bin:/Users/vnmaniyar/node_modules/.bin:/Users/vnmaniyar/.nvm/versions/node/v13.1.0/bin:/Library/Frameworks/Python.framework/Versions/3.8/bin:/usr/local/bin:/usr/bin:/bin:/usr/sbin:/sbin:/Users/vnmaniyar/.nvm/versions/node/v13.1.0/bin:/Library/Frameworks/Python.framework/Versions/3.8/bin

Yarn version: 
  1.22.0

Node version: 
  13.1.0

Platform: 
  darwin x64

Trace: 
  Error: unable to get local issuer certificate
      at TLSSocket.onConnectSecure (_tls_wrap.js:1321:34)
      at TLSSocket.emit (events.js:210:5)
      at TLSSocket._finishInit (_tls_wrap.js:794:8)
      at TLSWrap.ssl.onhandshakedone (_tls_wrap.js:608:12)

npm manifest: 
  {
    "name": "college-grads",
    "version": "0.0.0",
    "private": true,
    "scripts": {
      "start": "docusaurus start",
      "build": "docusaurus build",
      "swizzle": "docusaurus swizzle",
      "deploy": "docusaurus deploy"
    },
    "dependencies": {
      "@docusaurus/core": "^2.0.0-alpha.41",
      "@docusaurus/preset-classic": "^2.0.0-alpha.41",
      "classnames": "^2.2.6",
      "react": "^16.8.4",
      "react-dom": "^16.8.4"
    },
    "browserslist": {
      "production": [
        ">0.2%",
        "not dead",
        "not op_mini all"
      ],
      "development": [
        "last 1 chrome version",
        "last 1 firefox version",
        "last 1 safari version"
      ]
    }
  }

yarn manifest: 
  No manifest

Lockfile: 
  No lockfile
